1 1aA 1aB 1aC 1eX n 1bK G 1aJ 1aI 1aJ 1aK 1aL 1aM 1aN 2 1aP G 1aR 1aS 1cE 1aU 1aV 1aW 1aX 1aY 1
21
1 1 1aE 1aQ 1aT 1aZ 1bA 1bB 1bC 1bD 1bE 1bF 1bG 1bH 1bJ 1bL 1bM 1bN 1bO 1bP 1bQ 1bR 1bS 1bT 1bU 1bV 1bW 1bY 1cB 1cD 1cF 1cG 1cH 1cI 1cJ 1cK 1cN 1cO 1cP 1cQ 1cR 1cS 1cT 1cU 1cV 1cW 1cX 1cY 1cZ 1dA 1dC 1dD 1dE 1dF 1dG 1dH 1dI 1dJ 1dK 1dM 1dN 1dO 1dP 1dR 1dS 1dT 1dV 1dY 1dZ 1eA 1eB 1eC 1eD 1eE 1eF 1eG 1eH 1eI
1aA 1aA
1aB 1aB
1aC 1aC
1aI 1aI
1aJ 1aJ 1bX
1aK 1aK
1aL 1aL
1aM 1aM
1aN 1aN
1aP 1aP
1aR 1aR
1aS 1aS
1aU 1aU
1aV 1aV
1aW 1aW
1aX 1aX
1aY 1aY
1bK 1bK
1eX 1cC 1dW 1eJ
1cE 1cE
