SaintPaul StPetersburg Chandler Fresno Oakland Wichita Austin NewOrleans SanDiego Madison LosAngeles Plano LongBeach Hialeah Louisville ChulaVista Indianapolis Aurora SaintPaul
18
SaintPaul Newark Scottsdale Raleigh
Plano Plano
Austin Denver SanAntonio Austin
ChulaVista Honolulu Durham SantaAna Charlotte JerseyCity Phoenix Cincinnati
Fresno Lexington Spokane Chesapeake Anchorage
LongBeach FortWorth Baltimore LongBeach Dallas
StPetersburg Henderson Milwaukee StPetersburg Lubbock
Hialeah FortWayne Glendale Hialeah Columbus Bakersfield OklahomaCity
LosAngeles Houston ElPaso
Oakland Pittsburgh Tucson WinstonSalem Atlanta Tampa
SanDiego SanDiego SanJose
Wichita Lincoln
Louisville Laredo Stockton Memphis
Chandler Chandler
Indianapolis Indianapolis
NewOrleans NewOrleans
Aurora Aurora
Madison Madison
