L0 2L4 1H13 1H2 0H1 H4 H3 2L2 H15 2L4 H4 H8 0H24 1L6 1L19 2L2 H13 H10 2L2 H5 H3 H9 H6 H3 1H1 H3 H12 2L16 2L22 2L25 0L5 1L8 1L2 1L12 H3 0H24 1L10 L18 0L3 1L10 1L5 2L2 H14 H23 H11 2L4 2L1 2L3 H7 H4 H11 L0
20
2L25 H1 H2
H3 H3
H4 H4
H5 H5 0H14 0H15 0H16 0H17 0H19 0H20
H6 H6
H7 H7
H8 H8
H9 H9
H10 H10
H11 H11
H12 H12
H13 H13
H14 H14
H15 H15 H16 H17 H18 H19 H20 H22
H23 H21 H23 H24
0H1 H25 0H1
1H2 0H2 0H3 0H4 0H5 0H6 0H7 0H8 0H9 0H10 0H11 0H12 0H13 1H2 1H3 1H4 1H5 1H6 1H7 1H8 1H9 1H10 1H11 1H12 2H12 2H13 2H14 2H15 2H16 2H17 2H18 2H19 2H20 2H21 2H22 2H23 2H24 2H25
0H24 0H18 0H21 0H22 0H23 0H24
1H1 0H25 1H1
1H13 1H13 1H14 1H15 1H16 1H17 1H18 1H19 1H20 1H21 1H22 1H23 1H24 1H25 2H1 2H2 2H3 2H4 2H5 2H6 2H7 2H8 2H9 2H10 2H11
